#
# There is insufficient memory for the Java Runtime Environment to continue.
# Native memory allocation (mmap) failed to map 67108864 bytes for G1 virtual space
# Possible reasons:
#   The system is out of physical RAM or swap space
#   The process is running with CompressedOops enabled, and the Java Heap may be blocking the growth of the native heap
# Possible solutions:
#   Reduce memory load on the system
#   Increase physical memory or swap space
#   Check if swap backing store is full
#   Decrease Java heap size (-Xmx/-Xms)
#   Decrease number of Java threads
#   Decrease Java thread stack sizes (-Xss)
#   Set larger code cache with -XX:ReservedCodeCacheSize=
#   JVM is running with Unscaled Compressed Oops mode in which the Java heap is
#     placed in the first 4GB address space. The Java Heap base address is the
#     maximum limit for the native heap growth. Please use -XX:HeapBaseMinAddress
#     to set the Java Heap base and to place the Java Heap above 4GB virtual address.
# This output file may be truncated or incomplete.
#
#  Out of Memory Error (os_windows.cpp:3613), pid=24168, tid=6988
#
# JRE version:  (17.0.10+7) (build )
# Java VM: OpenJDK 64-Bit Server VM (17.0.10+7-LTS, mixed mode, sharing, tiered, compressed oops, compressed class ptrs, g1 gc, windows-amd64)
# No core dump will be written. Minidumps are not enabled by default on client versions of Windows
#

---------------  S U M M A R Y ------------

Command Line: -Xmx64m -Xms64m -Dorg.gradle.appname=gradlew org.gradle.wrapper.GradleWrapperMain app:installDebug -PreactNativeDevServerPort=8081

Host: Intel(R) Core(TM) i5-10210U CPU @ 1.60GHz, 8 cores, 7G,  Windows 11 , 64 bit Build 22621 (10.0.22621.3672)
Time: Thu Jul  4 13:31:30 2024 India Standard Time elapsed time: 0.027777 seconds (0d 0h 0m 0s)

---------------  T H R E A D  ---------------

Current thread (0x000002eb22c6fac0):  JavaThread "Unknown thread" [_thread_in_vm, id=6988, stack(0x000000f18e500000,0x000000f18e600000)]

Stack: [0x000000f18e500000,0x000000f18e600000]
Native frames: (J=compiled Java code, j=interpreted, Vv=VM code, C=native code)
V  [jvm.dll+0x67f829]
V  [jvm.dll+0x83750a]
V  [jvm.dll+0x838fce]
V  [jvm.dll+0x839633]
V  [jvm.dll+0x247cbf]
V  [jvm.dll+0x67c669]
V  [jvm.dll+0x6710da]
V  [jvm.dll+0x309b8b]
V  [jvm.dll+0x311036]
V  [jvm.dll+0x360d5e]
V  [jvm.dll+0x360f8f]
V  [jvm.dll+0x2e0798]
V  [jvm.dll+0x2e1704]
V  [jvm.dll+0x808d91]
V  [jvm.dll+0x36ec11]
V  [jvm.dll+0x7e7826]
V  [jvm.dll+0x3f245f]
V  [jvm.dll+0x3f4091]
C  [jli.dll+0x528f]
C  [ucrtbase.dll+0x29333]
C  [KERNEL32.DLL+0x1257d]
C  [ntdll.dll+0x5af28]


---------------  P R O C E S S  ---------------

Threads class SMR info:
_java_thread_list=0x00007ffb441e1ed8, length=0, elements={
}

Java Threads: ( => current thread )

Other Threads:
  0x000002eb22c8e4c0 GCTaskThread "GC Thread#0" [stack: 0x000000f18e600000,0x000000f18e700000] [id=28184]
  0x000002eb22c8fc10 ConcurrentGCThread "G1 Main Marker" [stack: 0x000000f18e700000,0x000000f18e800000] [id=24732]
  0x000002eb22c93df0 ConcurrentGCThread "G1 Conc#0" [stack: 0x000000f18e800000,0x000000f18e900000] [id=12904]

[error occurred during error reporting (printing all threads), id 0xc0000005, EXCEPTION_ACCESS_VIOLATION (0xc0000005) at pc=0x00007ffb439a11d7]

VM state: not at safepoint (not fully initialized)

VM Mutex/Monitor currently owned by a thread:  ([mutex/lock_event])
[0x000002eb22c69d20] Heap_lock - owner thread: 0x000002eb22c6fac0

Heap address: 0x00000000fc000000, size: 64 MB, Compressed Oops mode: 32-bit

CDS archive(s) mapped at: [0x0000000000000000-0x0000000000000000-0x0000000000000000), size 0, SharedBaseAddress: 0x0000000800000000, ArchiveRelocationMode: 1.
Narrow klass base: 0x0000000000000000, Narrow klass shift: 0, Narrow klass range: 0x0

GC Precious Log:
<Empty>

Heap:
 garbage-first heap   total 0K, used 0K [0x00000000fc000000, 0x0000000100000000)
  region size 1024K, 0 young (0K), 0 survivors (0K)

[error occurred during error reporting (printing heap information), id 0xc0000005, EXCEPTION_ACCESS_VIOLATION (0xc0000005) at pc=0x00007ffb43d89869]

GC Heap History (0 events):
No events

Dll operation events (1 events):
Event: 0.015 Loaded shared library C:\Program Files\Microsoft\jdk-17.0.10.7-hotspot\bin\java.dll

Deoptimization events (0 events):
No events

Classes unloaded (0 events):
No events

Classes redefined (0 events):
No events

Internal exceptions (0 events):
No events

VM Operations (0 events):
No events

Events (0 events):
No events


Dynamic libraries:
0x00007ff6ac9e0000 - 0x00007ff6ac9ee000 	C:\Program Files\Microsoft\jdk-17.0.10.7-hotspot\bin\java.exe
0x00007ffbf7b70000 - 0x00007ffbf7d87000 	C:\WINDOWS\SYSTEM32\ntdll.dll
0x00007ffbf6a10000 - 0x00007ffbf6ad4000 	C:\WINDOWS\System32\KERNEL32.DLL
0x00007ffbf5270000 - 0x00007ffbf561c000 	C:\WINDOWS\System32\KERNELBASE.dll
0x00007ffbf5120000 - 0x00007ffbf5231000 	C:\WINDOWS\System32\ucrtbase.dll
0x00007ffbc82c0000 - 0x00007ffbc82db000 	C:\Program Files\Microsoft\jdk-17.0.10.7-hotspot\bin\VCRUNTIME140.dll
0x00007ffbc7640000 - 0x00007ffbc7657000 	C:\Program Files\Microsoft\jdk-17.0.10.7-hotspot\bin\jli.dll
0x00007ffbf6b40000 - 0x00007ffbf6cee000 	C:\WINDOWS\System32\USER32.dll
0x00007ffbf5240000 - 0x00007ffbf5266000 	C:\WINDOWS\System32\win32u.dll
0x00007ffbf7960000 - 0x00007ffbf7989000 	C:\WINDOWS\System32\GDI32.dll
0x00007ffbdc680000 - 0x00007ffbdc913000 	C:\WINDOWS\WinSxS\amd64_microsoft.windows.common-controls_6595b64144ccf1df_6.0.22621.3672_none_2713b9d173822955\COMCTL32.dll
0x00007ffbf4f40000 - 0x00007ffbf5059000 	C:\WINDOWS\System32\gdi32full.dll
0x00007ffbf72f0000 - 0x00007ffbf7397000 	C:\WINDOWS\System32\msvcrt.dll
0x00007ffbf5810000 - 0x00007ffbf58aa000 	C:\WINDOWS\System32\msvcp_win.dll
0x00007ffbf6d70000 - 0x00007ffbf6da1000 	C:\WINDOWS\System32\IMM32.DLL
0x00007ffbd4d30000 - 0x00007ffbd4d3c000 	C:\Program Files\Microsoft\jdk-17.0.10.7-hotspot\bin\vcruntime140_1.dll
0x00007ffbb18a0000 - 0x00007ffbb192d000 	C:\Program Files\Microsoft\jdk-17.0.10.7-hotspot\bin\msvcp140.dll
0x00007ffb436b0000 - 0x00007ffb44315000 	C:\Program Files\Microsoft\jdk-17.0.10.7-hotspot\bin\server\jvm.dll
0x00007ffbf7990000 - 0x00007ffbf7a42000 	C:\WINDOWS\System32\ADVAPI32.dll
0x00007ffbf73a0000 - 0x00007ffbf744a000 	C:\WINDOWS\System32\sechost.dll
0x00007ffbf4ea0000 - 0x00007ffbf4ec8000 	C:\WINDOWS\System32\bcrypt.dll
0x00007ffbf6800000 - 0x00007ffbf6915000 	C:\WINDOWS\System32\RPCRT4.dll
0x00007ffbf3d30000 - 0x00007ffbf3d7d000 	C:\WINDOWS\SYSTEM32\POWRPROF.dll
0x00007ffbd3780000 - 0x00007ffbd3789000 	C:\WINDOWS\SYSTEM32\WSOCK32.dll
0x00007ffbf6cf0000 - 0x00007ffbf6d61000 	C:\WINDOWS\System32\WS2_32.dll
0x00007ffbdcf40000 - 0x00007ffbdcf74000 	C:\WINDOWS\SYSTEM32\WINMM.dll
0x00007ffbea690000 - 0x00007ffbea69a000 	C:\WINDOWS\SYSTEM32\VERSION.dll
0x00007ffbf3d10000 - 0x00007ffbf3d23000 	C:\WINDOWS\SYSTEM32\UMPDC.dll
0x00007ffbf3fc0000 - 0x00007ffbf3fd8000 	C:\WINDOWS\SYSTEM32\kernel.appcore.dll
0x00007ffbcef50000 - 0x00007ffbcef5a000 	C:\Program Files\Microsoft\jdk-17.0.10.7-hotspot\bin\jimage.dll
0x00007ffbef5c0000 - 0x00007ffbef7f2000 	C:\WINDOWS\SYSTEM32\DBGHELP.DLL
0x00007ffbf6f60000 - 0x00007ffbf72e8000 	C:\WINDOWS\System32\combase.dll
0x00007ffbf63a0000 - 0x00007ffbf6477000 	C:\WINDOWS\System32\OLEAUT32.dll
0x00007ffbcd5c0000 - 0x00007ffbcd5f2000 	C:\WINDOWS\SYSTEM32\dbgcore.DLL
0x00007ffbf5790000 - 0x00007ffbf580b000 	C:\WINDOWS\System32\bcryptPrimitives.dll
0x00007ffbb8c80000 - 0x00007ffbb8ca5000 	C:\Program Files\Microsoft\jdk-17.0.10.7-hotspot\bin\java.dll

dbghelp: loaded successfully - version: 4.0.5 - missing functions: none
symbol engine: initialized successfully - sym options: 0x614 - pdb path: .;C:\Program Files\Microsoft\jdk-17.0.10.7-hotspot\bin;C:\WINDOWS\SYSTEM32;C:\WINDOWS\WinSxS\amd64_microsoft.windows.common-controls_6595b64144ccf1df_6.0.22621.3672_none_2713b9d173822955;C:\Program Files\Microsoft\jdk-17.0.10.7-hotspot\bin\server

VM Arguments:
jvm_args: -Xmx64m -Xms64m -Dorg.gradle.appname=gradlew 
java_command: org.gradle.wrapper.GradleWrapperMain app:installDebug -PreactNativeDevServerPort=8081
java_class_path (initial): D:\Yogesh\StealthStartupAssg\android\\gradle\wrapper\gradle-wrapper.jar
Launcher Type: SUN_STANDARD

[Global flags]
     intx CICompilerCount                          = 4                                         {product} {ergonomic}
     uint ConcGCThreads                            = 2                                         {product} {ergonomic}
     uint G1ConcRefinementThreads                  = 8                                         {product} {ergonomic}
   size_t G1HeapRegionSize                         = 1048576                                   {product} {ergonomic}
    uintx GCDrainStackTargetSize                   = 64                                        {product} {ergonomic}
   size_t InitialHeapSize                          = 67108864                                  {product} {command line}
   size_t MarkStackSize                            = 4194304                                   {product} {ergonomic}
   size_t MaxHeapSize                              = 67108864                                  {product} {command line}
   size_t MinHeapDeltaBytes                        = 1048576                                   {product} {ergonomic}
   size_t MinHeapSize                              = 67108864                                  {product} {command line}
    uintx NonNMethodCodeHeapSize                   = 5839372                                {pd product} {ergonomic}
    uintx NonProfiledCodeHeapSize                  = 122909434                              {pd product} {ergonomic}
    uintx ProfiledCodeHeapSize                     = 122909434                              {pd product} {ergonomic}
    uintx ReservedCodeCacheSize                    = 251658240                              {pd product} {ergonomic}
     bool SegmentedCodeCache                       = true                                      {product} {ergonomic}
   size_t SoftMaxHeapSize                          = 67108864                               {manageable} {ergonomic}
     bool UseCompressedClassPointers               = true                           {product lp64_product} {ergonomic}
     bool UseCompressedOops                        = true                           {product lp64_product} {ergonomic}
     bool UseG1GC                                  = true                                      {product} {ergonomic}
     bool UseLargePagesIndividualAllocation        = false                                  {pd product} {ergonomic}

Logging:
Log output configuration:
 #0: stdout all=warning uptime,level,tags
 #1: stderr all=off uptime,level,tags

Environment Variables:
JAVA_HOME=C:\Program Files\Microsoft\jdk-17.0.10.7-hotspot\
CLASSPATH=D:\Yogesh\StealthStartupAssg\android\\gradle\wrapper\gradle-wrapper.jar
PATH=D:\Yogesh\StealthStartupAssg\node_modules\.bin;D:\Yogesh\StealthStartupAssg\node_modules\.bin;D:\Yogesh\node_modules\.bin;D:\node_modules\.bin;C:\Program Files\nodejs\node_modules\npm\node_modules\@npmcli\run-script\lib\node-gyp-bin;D:\Yogesh\StealthStartupAssg\node_modules\.bin;D:\Yogesh\StealthStartupAssg\node_modules\.bin;D:\Yogesh\node_modules\.bin;D:\node_modules\.bin;C:\Program Files\nodejs\node_modules\npm\node_modules\@npmcli\run-script\lib\node-gyp-bin;C:\Program Files\Microsoft\jdk-17.0.10.7-hotspot\bin;C:\Windows\system32;C:\Windows;C:\Windows\System32\Wbem;C:\Windows\System32\WindowsPowerShell\v1.0\;C:\Windows\System32\OpenSSH\;C:\Program Files (x86)\NVIDIA Corporation\PhysX\Common;C:\Program Files\NVIDIA Corporation\NVIDIA NvDLISR;C:\WINDOWS\system32;C:\WINDOWS;C:\WINDOWS\System32\Wbem;C:\WINDOWS\System32\WindowsPowerShell\v1.0\;C:\WINDOWS\System32\OpenSSH\;C:\ProgramData\chocolatey\bin;C:\Program Files\nodejs\;C:\Program Files\Git\cmd;C:\Users\ynirm\AppData\Local\Microsoft\WindowsApps;C:\Users\ynirm\AppData\Roaming\npm;C:\Users\ynirm\AppData\Local\Android\Sdk\platform-tools;C:\Users\ynirm\AppData\Local\Programs\Microsoft VS Code\bin
USERNAME=ynirm
OS=Windows_NT
PROCESSOR_IDENTIFIER=Intel64 Family 6 Model 142 Stepping 12, GenuineIntel
TMP=C:\Users\ynirm\AppData\Local\Temp
TEMP=C:\Users\ynirm\AppData\Local\Temp



Periodic native trim disabled


---------------  S Y S T E M  ---------------

OS:
 Windows 11 , 64 bit Build 22621 (10.0.22621.3672)
OS uptime: 1 days 17:46 hours

CPU: total 8 (initial active 8) (4 cores per cpu, 2 threads per core) family 6 model 142 stepping 12 microcode 0xde, cx8, cmov, fxsr, ht, mmx, 3dnowpref, sse, sse2, sse3, ssse3, sse4.1, sse4.2, popcnt, lzcnt, tsc, tscinvbit, avx, avx2, aes, erms, clmul, bmi1, bmi2, adx, fma, vzeroupper, clflush, clflushopt
Processor Information for processor 0
  Max Mhz: 2112, Current Mhz: 1609, Mhz Limit: 1605
Processor Information for processor 1
  Max Mhz: 2112, Current Mhz: 1609, Mhz Limit: 1605
Processor Information for processor 2
  Max Mhz: 2112, Current Mhz: 1609, Mhz Limit: 1605
Processor Information for processor 3
  Max Mhz: 2112, Current Mhz: 1609, Mhz Limit: 1605
Processor Information for processor 4
  Max Mhz: 2112, Current Mhz: 1609, Mhz Limit: 1605
Processor Information for processor 5
  Max Mhz: 2112, Current Mhz: 1508, Mhz Limit: 1605
Processor Information for processor 6
  Max Mhz: 2112, Current Mhz: 1508, Mhz Limit: 1605
Processor Information for processor 7
  Max Mhz: 2112, Current Mhz: 1609, Mhz Limit: 1605

Memory: 4k page, system-wide physical 8022M (387M free)
TotalPageFile size 26772M (AvailPageFile size 58M)
current process WorkingSet (physical memory assigned to process): 11M, peak: 11M
current process commit charge ("private bytes"): 59M, peak: 123M

vm_info: OpenJDK 64-Bit Server VM (17.0.10+7-LTS) for windows-amd64 JRE (17.0.10+7-LTS), built on Jan 10 2024 19:47:12 by "MicrosoftCorporation" with MS VC++ 16.10 / 16.11 (VS2019)

END.
